<?xml version="1.0" encoding="UTF-8"?>
<testsuite xmlns:xsi="http://www.w3.org/2001/XMLSchema-instance" xsi:noNamespaceSchemaLocation="https://maven.apache.org/surefire/maven-surefire-plugin/xsd/surefire-test-report.xsd" name="ServiceTwo.AppTest" time="0.09" tests="1" errors="0" skipped="0" failures="0">
  <properties>
    <property name="sun.desktop" value="windows"/>
    <property name="awt.toolkit" value="sun.awt.windows.WToolkit"/>
    <property name="file.encoding.pkg" value="sun.io"/>
    <property name="java.specification.version" value="1.8"/>
    <property name="sun.cpu.isalist" value="amd64"/>
    <property name="sun.jnu.encoding" value="GBK"/>
    <property name="java.class.path" value="E:\IDEAwork\ServiceTwo\target\test-classes;E:\IDEAwork\ServiceTwo\target\classes;F:\m2\repository\org\apache\tiles\tiles-extras\3.0.7\tiles-extras-3.0.7.jar;F:\m2\repository\org\apache\tiles\tiles-core\3.0.7\tiles-core-3.0.7.jar;F:\m2\repository\org\apache\tiles\tiles-api\3.0.7\tiles-api-3.0.7.jar;F:\m2\repository\commons-digester\commons-digester\2.0\commons-digester-2.0.jar;F:\m2\repository\commons-beanutils\commons-beanutils\1.8.0\commons-beanutils-1.8.0.jar;F:\m2\repository\org\slf4j\jcl-over-slf4j\1.7.6\jcl-over-slf4j-1.7.6.jar;F:\m2\repository\org\apache\tiles\tiles-request-servlet-wildcard\1.0.6\tiles-request-servlet-wildcard-1.0.6.jar;F:\m2\repository\org\apache\tiles\tiles-request-servlet\1.0.6\tiles-request-servlet-1.0.6.jar;F:\m2\repository\org\apache\tiles\tiles-request-mustache\1.0.6\tiles-request-mustache-1.0.6.jar;F:\m2\repository\org\apache\tiles\tiles-request-api\1.0.6\tiles-request-api-1.0.6.jar;F:\m2\repository\com\github\spullara\mustache\java\compiler\0.8.4\compiler-0.8.4.jar;F:\m2\repository\org\apache\tiles\tiles-jsp\3.0.7\tiles-jsp-3.0.7.jar;F:\m2\repository\org\apache\tiles\tiles-servlet\3.0.7\tiles-servlet-3.0.7.jar;F:\m2\repository\org\apache\tiles\tiles-template\3.0.7\tiles-template-3.0.7.jar;F:\m2\repository\org\apache\tiles\tiles-autotag-core-runtime\1.2\tiles-autotag-core-runtime-1.2.jar;F:\m2\repository\org\apache\tiles\tiles-request-jsp\1.0.6\tiles-request-jsp-1.0.6.jar;F:\m2\repository\org\apache\tiles\tiles-freemarker\3.0.7\tiles-freemarker-3.0.7.jar;F:\m2\repository\org\apache\tiles\tiles-request-freemarker\1.0.6\tiles-request-freemarker-1.0.6.jar;F:\m2\repository\org\freemarker\freemarker\2.3.15\freemarker-2.3.15.jar;F:\m2\repository\org\apache\tiles\tiles-velocity\3.0.7\tiles-velocity-3.0.7.jar;F:\m2\repository\org\apache\velocity\velocity-tools\2.0\velocity-tools-2.0.jar;F:\m2\repository\commons-collections\commons-collections\3.2\commons-collections-3.2.jar;F:\m2\repository\oro\oro\2.0.8\oro-2.0.8.jar;F:\m2\repository\org\apache\velocity\velocity\1.6.2\velocity-1.6.2.jar;F:\m2\repository\commons-lang\commons-lang\2.4\commons-lang-2.4.jar;F:\m2\repository\org\apache\tiles\tiles-request-velocity\1.0.6\tiles-request-velocity-1.0.6.jar;F:\m2\repository\org\apache\tiles\tiles-el\3.0.7\tiles-el-3.0.7.jar;F:\m2\repository\org\apache\tiles\tiles-mvel\3.0.7\tiles-mvel-3.0.7.jar;F:\m2\repository\org\mvel\mvel2\2.0.11\mvel2-2.0.11.jar;F:\m2\repository\org\apache\tiles\tiles-ognl\3.0.7\tiles-ognl-3.0.7.jar;F:\m2\repository\ognl\ognl\2.7.3\ognl-2.7.3.jar;F:\m2\repository\jboss\javassist\3.7.ga\javassist-3.7.ga.jar;F:\m2\repository\org\apache\tiles\tiles-compat\3.0.7\tiles-compat-3.0.7.jar;F:\m2\repository\com\google\guava\guava\12.0.1\guava-12.0.1.jar;F:\m2\repository\com\google\code\findbugs\jsr305\1.3.9\jsr305-1.3.9.jar;F:\m2\repository\javax\servlet\jsp\jsp-api\2.1.3-b06\jsp-api-2.1.3-b06.jar;F:\m2\repository\org\glassfish\javax.servlet\3.0-b70\javax.servlet-3.0-b70.jar;F:\m2\repository\javax\el\el-api\2.1.2-b05\el-api-2.1.2-b05.jar;F:\m2\repository\commons-codec\commons-codec\1.10\commons-codec-1.10.jar;F:\m2\repository\io\jsonwebtoken\jjwt\0.9.0\jjwt-0.9.0.jar;F:\m2\repository\com\danga\java-memcached\2.6.6\java-memcached-2.6.6.jar;F:\m2\repository\commons-pool\commons-pool\1.6\commons-pool-1.6.jar;F:\m2\repository\org\slf4j\slf4j-simple\1.7.25\slf4j-simple-1.7.25.jar;F:\m2\repository\org\slf4j\slf4j-api\1.7.25\slf4j-api-1.7.25.jar;F:\m2\repository\org\apache\commons\commons-lang3\3.3.2\commons-lang3-3.3.2.jar;F:\m2\repository\commons-io\commons-io\1.3.2\commons-io-1.3.2.jar;F:\m2\repository\commons-net\commons-net\3.3\commons-net-3.3.jar;F:\m2\repository\com\fasterxml\jackson\core\jackson-databind\2.4.2\jackson-databind-2.4.2.jar;F:\m2\repository\com\fasterxml\jackson\core\jackson-annotations\2.4.0\jackson-annotations-2.4.0.jar;F:\m2\repository\com\fasterxml\jackson\core\jackson-core\2.5.4\jackson-core-2.5.4.jar;F:\m2\repository\atg\taglib\json\json-taglib\0.4.1\json-taglib-0.4.1.jar;F:\m2\repository\junit\junit\4.12\junit-4.12.jar;F:\m2\repository\org\hamcrest\hamcrest-core\1.3\hamcrest-core-1.3.jar;F:\m2\repository\log4j\log4j\1.2.17\log4j-1.2.17.jar;F:\m2\repository\org\slf4j\slf4j-log4j12\1.7.25\slf4j-log4j12-1.7.25.jar;F:\m2\repository\org\mybatis\mybatis\3.2.8\mybatis-3.2.8.jar;F:\m2\repository\org\mybatis\mybatis-spring\1.2.2\mybatis-spring-1.2.2.jar;F:\m2\repository\mysql\mysql-connector-java\5.1.32\mysql-connector-java-5.1.32.jar;F:\m2\repository\com\alibaba\druid\1.0.9\druid-1.0.9.jar;D:\Java\jdk1.8.0_201\jre\..\lib\jconsole.jar;D:\Java\jdk1.8.0_201\jre\..\lib\tools.jar;F:\m2\repository\org\springframework\spring-context\4.2.6.RELEASE\spring-context-4.2.6.RELEASE.jar;F:\m2\repository\org\springframework\spring-aop\4.2.6.RELEASE\spring-aop-4.2.6.RELEASE.jar;F:\m2\repository\aopalliance\aopalliance\1.0\aopalliance-1.0.jar;F:\m2\repository\org\springframework\spring-core\4.2.6.RELEASE\spring-core-4.2.6.RELEASE.jar;F:\m2\repository\org\springframework\spring-expression\4.2.6.RELEASE\spring-expression-4.2.6.RELEASE.jar;F:\m2\repository\org\springframework\spring-beans\4.2.6.RELEASE\spring-beans-4.2.6.RELEASE.jar;F:\m2\repository\org\springframework\spring-webmvc\4.2.6.RELEASE\spring-webmvc-4.2.6.RELEASE.jar;F:\m2\repository\org\springframework\spring-jdbc\4.3.2.RELEASE\spring-jdbc-4.3.2.RELEASE.jar;F:\m2\repository\org\springframework\spring-aspects\4.2.6.RELEASE\spring-aspects-4.2.6.RELEASE.jar;F:\m2\repository\org\aspectj\aspectjweaver\1.8.9\aspectjweaver-1.8.9.jar;F:\m2\repository\org\springframework\spring-test\4.2.6.RELEASE\spring-test-4.2.6.RELEASE.jar;F:\m2\repository\org\springframework\spring-tx\4.2.6.RELEASE\spring-tx-4.2.6.RELEASE.jar;F:\m2\repository\org\springframework\spring-web\4.2.6.RELEASE\spring-web-4.2.6.RELEASE.jar;F:\m2\repository\jstl\jstl\1.2\jstl-1.2.jar;F:\m2\repository\javax\servlet\jsp-api\2.0\jsp-api-2.0.jar;F:\m2\repository\javax\servlet\servlet-api\2.4\servlet-api-2.4.jar;F:\m2\repository\commons-fileupload\commons-fileupload\1.3.1\commons-fileupload-1.3.1.jar;F:\m2\repository\cn\com\guju\CCP_REST_SMS_SDK_JAVA_v2.6.3r\2.6.3\CCP_REST_SMS_SDK_JAVA_v2.6.3r-2.6.3.jar;F:\m2\repository\org\apache\httpcomponents\httpcore\4.4.3\httpcore-4.4.3.jar;F:\m2\repository\org\apache\httpcomponents\httpclient\4.5.3\httpclient-4.5.3.jar;F:\m2\repository\commons-logging\commons-logging\1.2\commons-logging-1.2.jar;F:\m2\repository\org\apache\httpcomponents\httpmime\4.2\httpmime-4.2.jar;F:\m2\repository\org\json\json\20140107\json-20140107.jar;F:\m2\repository\com\aliyun\oss\aliyun-sdk-oss\2.8.3\aliyun-sdk-oss-2.8.3.jar;F:\m2\repository\com\qcloud\cos_api\5.4.10\cos_api-5.4.10.jar;F:\m2\repository\joda-time\joda-time\2.9.9\joda-time-2.9.9.jar;F:\m2\repository\org\bouncycastle\bcprov-jdk15on\1.59\bcprov-jdk15on-1.59.jar;F:\m2\repository\org\jdom\jdom\1.1\jdom-1.1.jar;"/>
    <property name="java.vm.vendor" value="Oracle Corporation"/>
    <property name="sun.arch.data.model" value="64"/>
    <property name="user.variant" value=""/>
    <property name="java.vendor.url" value="http://java.oracle.com/"/>
    <property name="user.timezone" value="Asia/Shanghai"/>
    <property name="java.vm.specification.version" value="1.8"/>
    <property name="os.name" value="Windows 10"/>
    <property name="user.country" value="CN"/>
    <property name="sun.java.launcher" value="SUN_STANDARD"/>
    <property name="sun.boot.library.path" value="D:\Java\jdk1.8.0_201\jre\bin"/>
    <property name="sun.java.command" value="C:\Users\WP\AppData\Local\Temp\surefire2649093267219363911\surefirebooter4819546310581140572.jar C:\Users\WP\AppData\Local\Temp\surefire2649093267219363911 2019-06-21T11-14-48_457-jvmRun1 surefire5808827905323251597tmp surefire_04492624048187546427tmp"/>
    <property name="surefire.test.class.path" value="E:\IDEAwork\ServiceTwo\target\test-classes;E:\IDEAwork\ServiceTwo\target\classes;F:\m2\repository\org\apache\tiles\tiles-extras\3.0.7\tiles-extras-3.0.7.jar;F:\m2\repository\org\apache\tiles\tiles-core\3.0.7\tiles-core-3.0.7.jar;F:\m2\repository\org\apache\tiles\tiles-api\3.0.7\tiles-api-3.0.7.jar;F:\m2\repository\commons-digester\commons-digester\2.0\commons-digester-2.0.jar;F:\m2\repository\commons-beanutils\commons-beanutils\1.8.0\commons-beanutils-1.8.0.jar;F:\m2\repository\org\slf4j\jcl-over-slf4j\1.7.6\jcl-over-slf4j-1.7.6.jar;F:\m2\repository\org\apache\tiles\tiles-request-servlet-wildcard\1.0.6\tiles-request-servlet-wildcard-1.0.6.jar;F:\m2\repository\org\apache\tiles\tiles-request-servlet\1.0.6\tiles-request-servlet-1.0.6.jar;F:\m2\repository\org\apache\tiles\tiles-request-mustache\1.0.6\tiles-request-mustache-1.0.6.jar;F:\m2\repository\org\apache\tiles\tiles-request-api\1.0.6\tiles-request-api-1.0.6.jar;F:\m2\repository\com\github\spullara\mustache\java\compiler\0.8.4\compiler-0.8.4.jar;F:\m2\repository\org\apache\tiles\tiles-jsp\3.0.7\tiles-jsp-3.0.7.jar;F:\m2\repository\org\apache\tiles\tiles-servlet\3.0.7\tiles-servlet-3.0.7.jar;F:\m2\repository\org\apache\tiles\tiles-template\3.0.7\tiles-template-3.0.7.jar;F:\m2\repository\org\apache\tiles\tiles-autotag-core-runtime\1.2\tiles-autotag-core-runtime-1.2.jar;F:\m2\repository\org\apache\tiles\tiles-request-jsp\1.0.6\tiles-request-jsp-1.0.6.jar;F:\m2\repository\org\apache\tiles\tiles-freemarker\3.0.7\tiles-freemarker-3.0.7.jar;F:\m2\repository\org\apache\tiles\tiles-request-freemarker\1.0.6\tiles-request-freemarker-1.0.6.jar;F:\m2\repository\org\freemarker\freemarker\2.3.15\freemarker-2.3.15.jar;F:\m2\repository\org\apache\tiles\tiles-velocity\3.0.7\tiles-velocity-3.0.7.jar;F:\m2\repository\org\apache\velocity\velocity-tools\2.0\velocity-tools-2.0.jar;F:\m2\repository\commons-collections\commons-collections\3.2\commons-collections-3.2.jar;F:\m2\repository\oro\oro\2.0.8\oro-2.0.8.jar;F:\m2\repository\org\apache\velocity\velocity\1.6.2\velocity-1.6.2.jar;F:\m2\repository\commons-lang\commons-lang\2.4\commons-lang-2.4.jar;F:\m2\repository\org\apache\tiles\tiles-request-velocity\1.0.6\tiles-request-velocity-1.0.6.jar;F:\m2\repository\org\apache\tiles\tiles-el\3.0.7\tiles-el-3.0.7.jar;F:\m2\repository\org\apache\tiles\tiles-mvel\3.0.7\tiles-mvel-3.0.7.jar;F:\m2\repository\org\mvel\mvel2\2.0.11\mvel2-2.0.11.jar;F:\m2\repository\org\apache\tiles\tiles-ognl\3.0.7\tiles-ognl-3.0.7.jar;F:\m2\repository\ognl\ognl\2.7.3\ognl-2.7.3.jar;F:\m2\repository\jboss\javassist\3.7.ga\javassist-3.7.ga.jar;F:\m2\repository\org\apache\tiles\tiles-compat\3.0.7\tiles-compat-3.0.7.jar;F:\m2\repository\com\google\guava\guava\12.0.1\guava-12.0.1.jar;F:\m2\repository\com\google\code\findbugs\jsr305\1.3.9\jsr305-1.3.9.jar;F:\m2\repository\javax\servlet\jsp\jsp-api\2.1.3-b06\jsp-api-2.1.3-b06.jar;F:\m2\repository\org\glassfish\javax.servlet\3.0-b70\javax.servlet-3.0-b70.jar;F:\m2\repository\javax\el\el-api\2.1.2-b05\el-api-2.1.2-b05.jar;F:\m2\repository\commons-codec\commons-codec\1.10\commons-codec-1.10.jar;F:\m2\repository\io\jsonwebtoken\jjwt\0.9.0\jjwt-0.9.0.jar;F:\m2\repository\com\danga\java-memcached\2.6.6\java-memcached-2.6.6.jar;F:\m2\repository\commons-pool\commons-pool\1.6\commons-pool-1.6.jar;F:\m2\repository\org\slf4j\slf4j-simple\1.7.25\slf4j-simple-1.7.25.jar;F:\m2\repository\org\slf4j\slf4j-api\1.7.25\slf4j-api-1.7.25.jar;F:\m2\repository\org\apache\commons\commons-lang3\3.3.2\commons-lang3-3.3.2.jar;F:\m2\repository\commons-io\commons-io\1.3.2\commons-io-1.3.2.jar;F:\m2\repository\commons-net\commons-net\3.3\commons-net-3.3.jar;F:\m2\repository\com\fasterxml\jackson\core\jackson-databind\2.4.2\jackson-databind-2.4.2.jar;F:\m2\repository\com\fasterxml\jackson\core\jackson-annotations\2.4.0\jackson-annotations-2.4.0.jar;F:\m2\repository\com\fasterxml\jackson\core\jackson-core\2.5.4\jackson-core-2.5.4.jar;F:\m2\repository\atg\taglib\json\json-taglib\0.4.1\json-taglib-0.4.1.jar;F:\m2\repository\junit\junit\4.12\junit-4.12.jar;F:\m2\repository\org\hamcrest\hamcrest-core\1.3\hamcrest-core-1.3.jar;F:\m2\repository\log4j\log4j\1.2.17\log4j-1.2.17.jar;F:\m2\repository\org\slf4j\slf4j-log4j12\1.7.25\slf4j-log4j12-1.7.25.jar;F:\m2\repository\org\mybatis\mybatis\3.2.8\mybatis-3.2.8.jar;F:\m2\repository\org\mybatis\mybatis-spring\1.2.2\mybatis-spring-1.2.2.jar;F:\m2\repository\mysql\mysql-connector-java\5.1.32\mysql-connector-java-5.1.32.jar;F:\m2\repository\com\alibaba\druid\1.0.9\druid-1.0.9.jar;D:\Java\jdk1.8.0_201\jre\..\lib\jconsole.jar;D:\Java\jdk1.8.0_201\jre\..\lib\tools.jar;F:\m2\repository\org\springframework\spring-context\4.2.6.RELEASE\spring-context-4.2.6.RELEASE.jar;F:\m2\repository\org\springframework\spring-aop\4.2.6.RELEASE\spring-aop-4.2.6.RELEASE.jar;F:\m2\repository\aopalliance\aopalliance\1.0\aopalliance-1.0.jar;F:\m2\repository\org\springframework\spring-core\4.2.6.RELEASE\spring-core-4.2.6.RELEASE.jar;F:\m2\repository\org\springframework\spring-expression\4.2.6.RELEASE\spring-expression-4.2.6.RELEASE.jar;F:\m2\repository\org\springframework\spring-beans\4.2.6.RELEASE\spring-beans-4.2.6.RELEASE.jar;F:\m2\repository\org\springframework\spring-webmvc\4.2.6.RELEASE\spring-webmvc-4.2.6.RELEASE.jar;F:\m2\repository\org\springframework\spring-jdbc\4.3.2.RELEASE\spring-jdbc-4.3.2.RELEASE.jar;F:\m2\repository\org\springframework\spring-aspects\4.2.6.RELEASE\spring-aspects-4.2.6.RELEASE.jar;F:\m2\repository\org\aspectj\aspectjweaver\1.8.9\aspectjweaver-1.8.9.jar;F:\m2\repository\org\springframework\spring-test\4.2.6.RELEASE\spring-test-4.2.6.RELEASE.jar;F:\m2\repository\org\springframework\spring-tx\4.2.6.RELEASE\spring-tx-4.2.6.RELEASE.jar;F:\m2\repository\org\springframework\spring-web\4.2.6.RELEASE\spring-web-4.2.6.RELEASE.jar;F:\m2\repository\jstl\jstl\1.2\jstl-1.2.jar;F:\m2\repository\javax\servlet\jsp-api\2.0\jsp-api-2.0.jar;F:\m2\repository\javax\servlet\servlet-api\2.4\servlet-api-2.4.jar;F:\m2\repository\commons-fileupload\commons-fileupload\1.3.1\commons-fileupload-1.3.1.jar;F:\m2\repository\cn\com\guju\CCP_REST_SMS_SDK_JAVA_v2.6.3r\2.6.3\CCP_REST_SMS_SDK_JAVA_v2.6.3r-2.6.3.jar;F:\m2\repository\org\apache\httpcomponents\httpcore\4.4.3\httpcore-4.4.3.jar;F:\m2\repository\org\apache\httpcomponents\httpclient\4.5.3\httpclient-4.5.3.jar;F:\m2\repository\commons-logging\commons-logging\1.2\commons-logging-1.2.jar;F:\m2\repository\org\apache\httpcomponents\httpmime\4.2\httpmime-4.2.jar;F:\m2\repository\org\json\json\20140107\json-20140107.jar;F:\m2\repository\com\aliyun\oss\aliyun-sdk-oss\2.8.3\aliyun-sdk-oss-2.8.3.jar;F:\m2\repository\com\qcloud\cos_api\5.4.10\cos_api-5.4.10.jar;F:\m2\repository\joda-time\joda-time\2.9.9\joda-time-2.9.9.jar;F:\m2\repository\org\bouncycastle\bcprov-jdk15on\1.59\bcprov-jdk15on-1.59.jar;F:\m2\repository\org\jdom\jdom\1.1\jdom-1.1.jar;"/>
    <property name="sun.cpu.endian" value="little"/>
    <property name="user.home" value="C:\Users\WP"/>
    <property name="user.language" value="zh"/>
    <property name="java.specification.vendor" value="Oracle Corporation"/>
    <property name="java.home" value="D:\Java\jdk1.8.0_201\jre"/>
    <property name="basedir" value="E:\IDEAwork\ServiceTwo"/>
    <property name="file.separator" value="\"/>
    <property name="line.separator" value="&#10;"/>
    <property name="java.vm.specification.vendor" value="Oracle Corporation"/>
    <property name="java.specification.name" value="Java Platform API Specification"/>
    <property name="java.awt.graphicsenv" value="sun.awt.Win32GraphicsEnvironment"/>
    <property name="surefire.real.class.path" value="C:\Users\WP\AppData\Local\Temp\surefire2649093267219363911\surefirebooter4819546310581140572.jar"/>
    <property name="sun.boot.class.path" value="D:\Java\jdk1.8.0_201\jre\lib\resources.jar;D:\Java\jdk1.8.0_201\jre\lib\rt.jar;D:\Java\jdk1.8.0_201\jre\lib\sunrsasign.jar;D:\Java\jdk1.8.0_201\jre\lib\jsse.jar;D:\Java\jdk1.8.0_201\jre\lib\jce.jar;D:\Java\jdk1.8.0_201\jre\lib\charsets.jar;D:\Java\jdk1.8.0_201\jre\lib\jfr.jar;D:\Java\jdk1.8.0_201\jre\classes"/>
    <property name="user.script" value=""/>
    <property name="sun.management.compiler" value="HotSpot 64-Bit Tiered Compilers"/>
    <property name="java.runtime.version" value="1.8.0_201-b09"/>
    <property name="user.name" value="WP"/>
    <property name="path.separator" value=";"/>
    <property name="os.version" value="10.0"/>
    <property name="java.endorsed.dirs" value="D:\Java\jdk1.8.0_201\jre\lib\endorsed"/>
    <property name="java.runtime.name" value="Java(TM) SE Runtime Environment"/>
    <property name="file.encoding" value="GBK"/>
    <property name="java.vm.name" value="Java HotSpot(TM) 64-Bit Server VM"/>
    <property name="localRepository" value="F:\m2\repository"/>
    <property name="java.vendor.url.bug" value="http://bugreport.sun.com/bugreport/"/>
    <property name="java.io.tmpdir" value="C:\Users\WP\AppData\Local\Temp\"/>
    <property name="idea.version" value="2018.3.5"/>
    <property name="java.version" value="1.8.0_201"/>
    <property name="user.dir" value="E:\IDEAwork\ServiceTwo"/>
    <property name="os.arch" value="amd64"/>
    <property name="java.vm.specification.name" value="Java Virtual Machine Specification"/>
    <property name="java.awt.printerjob" value="sun.awt.windows.WPrinterJob"/>
    <property name="sun.os.patch.level" value=""/>
    <property name="java.library.path" value="D:\Java\jdk1.8.0_201\jre\bin;C:\Windows\Sun\Java\bin;C:\Windows\system32;C:\Windows;D:\Program Files (x86)\Xshell 6\;D:\Program Files (x86)\Xftp 6\;D:\Java\jdk1.8.0_201\bin;D:\Java\Maven\bin;C:\Windows\SYSTEM32;C:\Windows;C:\Windows\SYSTEM32\WBEM;C:\Windows\SYSTEM32\WINDOWSPOWERSHELL\V1.0\;C:\Windows\SYSTEM32\OPENSSH\;C:\Program Files\Lenovo\Bluetooth Software\;C:\Program Files\Lenovo\Bluetooth Software\syswow64;F:\MySQL\MySQL Server 5.5\bin\bin;D:\MySQL\bin;D:\bin;D:\MySQL\MySQL Server 5.5\bin;D:\Java\Tomcat\bin;D:\Java\Tomcat\lib;D:\program files (x86)\Git\cmd;D:\Program Files\nodejs\;D:\Program Files\Git LFS;D:\Program Files\TortoiseSVN\bin;C:\Users\WP\AppData\Local\Microsoft\WindowsApps;D:\IntelliJ IDEA 2018.3.5\bin;D:\Program Files\nodejs\node_global;C:\Users\WP\AppData\Roaming\npm;C:\Users\WP\AppData\Local\GitHubDesktop\bin;;."/>
    <property name="java.vm.info" value="mixed mode"/>
    <property name="java.vendor" value="Oracle Corporation"/>
    <property name="java.vm.version" value="25.201-b09"/>
    <property name="java.ext.dirs" value="D:\Java\jdk1.8.0_201\jre\lib\ext;C:\Windows\Sun\Java\lib\ext"/>
    <property name="sun.io.unicode.encoding" value="UnicodeLittle"/>
    <property name="java.class.version" value="52.0"/>
  </properties>
  <testcase name="shouldAnswerWithTrue" classname="ServiceTwo.AppTest" time="0.002"/>
</testsuite>