<?xml version="1.0" encoding="UTF-8"?>
<testsuite xmlns:xsi="http://www.w3.org/2001/XMLSchema-instance" xsi:noNamespaceSchemaLocation="https://maven.apache.org/surefire/maven-surefire-plugin/xsd/surefire-test-report.xsd" name="org.alien.mybatis.samples.service.impl.AuthorServiceImplTest" time="1.578" tests="6" errors="0" skipped="0" failures="0">
  <properties>
    <property name="sun.desktop" value="windows"/>
    <property name="awt.toolkit" value="sun.awt.windows.WToolkit"/>
    <property name="file.encoding.pkg" value="sun.io"/>
    <property name="java.specification.version" value="1.8"/>
    <property name="sun.cpu.isalist" value="amd64"/>
    <property name="sun.jnu.encoding" value="GBK"/>
    <property name="java.class.path" value="C:\Users\lihoo\Documents\back_item\myBatisDemo_4\target\test-classes;C:\Users\lihoo\Documents\back_item\myBatisDemo_4\target\classes;C:\Users\lihoo\.m2\repository\org\springframework\spring-core\4.1.1.RELEASE\spring-core-4.1.1.RELEASE.jar;C:\Users\lihoo\.m2\repository\commons-logging\commons-logging\1.1.3\commons-logging-1.1.3.jar;C:\Users\lihoo\.m2\repository\org\springframework\spring-web\4.1.1.RELEASE\spring-web-4.1.1.RELEASE.jar;C:\Users\lihoo\.m2\repository\org\springframework\spring-beans\4.1.1.RELEASE\spring-beans-4.1.1.RELEASE.jar;C:\Users\lihoo\.m2\repository\org\springframework\spring-context\4.1.1.RELEASE\spring-context-4.1.1.RELEASE.jar;C:\Users\lihoo\.m2\repository\org\springframework\spring-oxm\4.1.1.RELEASE\spring-oxm-4.1.1.RELEASE.jar;C:\Users\lihoo\.m2\repository\org\springframework\spring-tx\4.1.1.RELEASE\spring-tx-4.1.1.RELEASE.jar;C:\Users\lihoo\.m2\repository\org\springframework\spring-jdbc\4.1.1.RELEASE\spring-jdbc-4.1.1.RELEASE.jar;C:\Users\lihoo\.m2\repository\org\springframework\spring-webmvc\4.1.1.RELEASE\spring-webmvc-4.1.1.RELEASE.jar;C:\Users\lihoo\.m2\repository\org\springframework\spring-expression\4.1.1.RELEASE\spring-expression-4.1.1.RELEASE.jar;C:\Users\lihoo\.m2\repository\org\springframework\spring-aop\4.1.1.RELEASE\spring-aop-4.1.1.RELEASE.jar;C:\Users\lihoo\.m2\repository\aopalliance\aopalliance\1.0\aopalliance-1.0.jar;C:\Users\lihoo\.m2\repository\org\springframework\spring-context-support\4.1.1.RELEASE\spring-context-support-4.1.1.RELEASE.jar;C:\Users\lihoo\.m2\repository\org\springframework\spring-test\4.1.1.RELEASE\spring-test-4.1.1.RELEASE.jar;C:\Users\lihoo\.m2\repository\junit\junit\4.11\junit-4.11.jar;C:\Users\lihoo\.m2\repository\org\hamcrest\hamcrest-core\1.3\hamcrest-core-1.3.jar;C:\Users\lihoo\.m2\repository\org\mybatis\mybatis\3.4.6\mybatis-3.4.6.jar;C:\Users\lihoo\.m2\repository\mysql\mysql-connector-java\5.1.46\mysql-connector-java-5.1.46.jar;C:\Users\lihoo\.m2\repository\org\slf4j\slf4j-api\1.7.25\slf4j-api-1.7.25.jar;C:\Users\lihoo\.m2\repository\org\slf4j\slf4j-log4j12\1.7.25\slf4j-log4j12-1.7.25.jar;C:\Users\lihoo\.m2\repository\log4j\log4j\1.2.17\log4j-1.2.17.jar;C:\Users\lihoo\.m2\repository\org\apache\logging\log4j\log4j-api\2.11.0\log4j-api-2.11.0.jar;C:\Users\lihoo\.m2\repository\org\apache\logging\log4j\log4j-core\2.11.0\log4j-core-2.11.0.jar;C:\Users\lihoo\.m2\repository\org\apache\logging\log4j\log4j-web\2.11.0\log4j-web-2.11.0.jar;"/>
    <property name="java.vm.vendor" value="Oracle Corporation"/>
    <property name="sun.arch.data.model" value="64"/>
    <property name="user.variant" value=""/>
    <property name="java.vendor.url" value="http://java.oracle.com/"/>
    <property name="user.timezone" value=""/>
    <property name="java.vm.specification.version" value="1.8"/>
    <property name="os.name" value="Windows 10"/>
    <property name="user.country" value="CN"/>
    <property name="sun.java.launcher" value="SUN_STANDARD"/>
    <property name="sun.boot.library.path" value="D:\Program Files_LL\Java\jdk1.8.0_171\jre\bin"/>
    <property name="sun.java.command" value="C:\Users\lihoo\AppData\Local\Temp\surefire1046467534101279100\surefirebooter2104046386718299734.jar C:\Users\lihoo\AppData\Local\Temp\surefire1046467534101279100 2018-07-18T21-00-06_085-jvmRun1 surefire8707458775294349391tmp surefire_02644924261916437596tmp"/>
    <property name="surefire.test.class.path" value="C:\Users\lihoo\Documents\back_item\myBatisDemo_4\target\test-classes;C:\Users\lihoo\Documents\back_item\myBatisDemo_4\target\classes;C:\Users\lihoo\.m2\repository\org\springframework\spring-core\4.1.1.RELEASE\spring-core-4.1.1.RELEASE.jar;C:\Users\lihoo\.m2\repository\commons-logging\commons-logging\1.1.3\commons-logging-1.1.3.jar;C:\Users\lihoo\.m2\repository\org\springframework\spring-web\4.1.1.RELEASE\spring-web-4.1.1.RELEASE.jar;C:\Users\lihoo\.m2\repository\org\springframework\spring-beans\4.1.1.RELEASE\spring-beans-4.1.1.RELEASE.jar;C:\Users\lihoo\.m2\repository\org\springframework\spring-context\4.1.1.RELEASE\spring-context-4.1.1.RELEASE.jar;C:\Users\lihoo\.m2\repository\org\springframework\spring-oxm\4.1.1.RELEASE\spring-oxm-4.1.1.RELEASE.jar;C:\Users\lihoo\.m2\repository\org\springframework\spring-tx\4.1.1.RELEASE\spring-tx-4.1.1.RELEASE.jar;C:\Users\lihoo\.m2\repository\org\springframework\spring-jdbc\4.1.1.RELEASE\spring-jdbc-4.1.1.RELEASE.jar;C:\Users\lihoo\.m2\repository\org\springframework\spring-webmvc\4.1.1.RELEASE\spring-webmvc-4.1.1.RELEASE.jar;C:\Users\lihoo\.m2\repository\org\springframework\spring-expression\4.1.1.RELEASE\spring-expression-4.1.1.RELEASE.jar;C:\Users\lihoo\.m2\repository\org\springframework\spring-aop\4.1.1.RELEASE\spring-aop-4.1.1.RELEASE.jar;C:\Users\lihoo\.m2\repository\aopalliance\aopalliance\1.0\aopalliance-1.0.jar;C:\Users\lihoo\.m2\repository\org\springframework\spring-context-support\4.1.1.RELEASE\spring-context-support-4.1.1.RELEASE.jar;C:\Users\lihoo\.m2\repository\org\springframework\spring-test\4.1.1.RELEASE\spring-test-4.1.1.RELEASE.jar;C:\Users\lihoo\.m2\repository\junit\junit\4.11\junit-4.11.jar;C:\Users\lihoo\.m2\repository\org\hamcrest\hamcrest-core\1.3\hamcrest-core-1.3.jar;C:\Users\lihoo\.m2\repository\org\mybatis\mybatis\3.4.6\mybatis-3.4.6.jar;C:\Users\lihoo\.m2\repository\mysql\mysql-connector-java\5.1.46\mysql-connector-java-5.1.46.jar;C:\Users\lihoo\.m2\repository\org\slf4j\slf4j-api\1.7.25\slf4j-api-1.7.25.jar;C:\Users\lihoo\.m2\repository\org\slf4j\slf4j-log4j12\1.7.25\slf4j-log4j12-1.7.25.jar;C:\Users\lihoo\.m2\repository\log4j\log4j\1.2.17\log4j-1.2.17.jar;C:\Users\lihoo\.m2\repository\org\apache\logging\log4j\log4j-api\2.11.0\log4j-api-2.11.0.jar;C:\Users\lihoo\.m2\repository\org\apache\logging\log4j\log4j-core\2.11.0\log4j-core-2.11.0.jar;C:\Users\lihoo\.m2\repository\org\apache\logging\log4j\log4j-web\2.11.0\log4j-web-2.11.0.jar;"/>
    <property name="sun.cpu.endian" value="little"/>
    <property name="user.home" value="C:\Users\lihoo"/>
    <property name="user.language" value="zh"/>
    <property name="java.specification.vendor" value="Oracle Corporation"/>
    <property name="java.home" value="D:\Program Files_LL\Java\jdk1.8.0_171\jre"/>
    <property name="basedir" value="C:\Users\lihoo\Documents\back_item\myBatisDemo_4"/>
    <property name="file.separator" value="\"/>
    <property name="line.separator" value="&#10;"/>
    <property name="java.vm.specification.vendor" value="Oracle Corporation"/>
    <property name="java.specification.name" value="Java Platform API Specification"/>
    <property name="java.awt.graphicsenv" value="sun.awt.Win32GraphicsEnvironment"/>
    <property name="surefire.real.class.path" value="C:\Users\lihoo\AppData\Local\Temp\surefire1046467534101279100\surefirebooter2104046386718299734.jar"/>
    <property name="sun.boot.class.path" value="D:\Program Files_LL\Java\jdk1.8.0_171\jre\lib\resources.jar;D:\Program Files_LL\Java\jdk1.8.0_171\jre\lib\rt.jar;D:\Program Files_LL\Java\jdk1.8.0_171\jre\lib\sunrsasign.jar;D:\Program Files_LL\Java\jdk1.8.0_171\jre\lib\jsse.jar;D:\Program Files_LL\Java\jdk1.8.0_171\jre\lib\jce.jar;D:\Program Files_LL\Java\jdk1.8.0_171\jre\lib\charsets.jar;D:\Program Files_LL\Java\jdk1.8.0_171\jre\lib\jfr.jar;D:\Program Files_LL\Java\jdk1.8.0_171\jre\classes"/>
    <property name="user.script" value=""/>
    <property name="sun.management.compiler" value="HotSpot 64-Bit Tiered Compilers"/>
    <property name="java.runtime.version" value="1.8.0_171-b11"/>
    <property name="user.name" value="lihoo"/>
    <property name="path.separator" value=";"/>
    <property name="os.version" value="10.0"/>
    <property name="java.endorsed.dirs" value="D:\Program Files_LL\Java\jdk1.8.0_171\jre\lib\endorsed"/>
    <property name="java.runtime.name" value="Java(TM) SE Runtime Environment"/>
    <property name="file.encoding" value="GBK"/>
    <property name="java.vm.name" value="Java HotSpot(TM) 64-Bit Server VM"/>
    <property name="localRepository" value="C:\Users\lihoo\.m2\repository"/>
    <property name="java.vendor.url.bug" value="http://bugreport.sun.com/bugreport/"/>
    <property name="java.io.tmpdir" value="C:\Users\lihoo\AppData\Local\Temp\"/>
    <property name="java.version" value="1.8.0_171"/>
    <property name="user.dir" value="C:\Users\lihoo\Documents\back_item\myBatisDemo_4"/>
    <property name="os.arch" value="amd64"/>
    <property name="java.vm.specification.name" value="Java Virtual Machine Specification"/>
    <property name="java.awt.printerjob" value="sun.awt.windows.WPrinterJob"/>
    <property name="sun.os.patch.level" value=""/>
    <property name="java.library.path" value="D:\Program Files_LL\Java\jdk1.8.0_171\jre\bin;C:\WINDOWS\Sun\Java\bin;C:\WINDOWS\system32;C:\WINDOWS;D:\Program Files_LL\Java\jdk1.8.0_171\bin;D:\Program Files_LL\Java\jdk1.8.0_171\jre\bin;C:\Program Files (x86)\Common Files\Oracle\Java\javapath;C:\Program Files (x86)\Intel\iCLS Client\;C:\Program Files\Intel\iCLS Client\;C:\Windows\system32;C:\Windows;C:\Windows\System32\Wbem;C:\Windows\System32\WindowsPowerShell\v1.0\;C:\Program Files (x86)\Intel\Intel(R) Management Engine Components\DAL;C:\Program Files\Intel\Intel(R) Management Engine Components\DAL;C:\Program Files (x86)\Intel\Intel(R) Management Engine Components\IPT;C:\Program Files\Intel\Intel(R) Management Engine Components\IPT;C:\Program Files (x86)\NVIDIA Corporation\PhysX\Common;C:\Program Files\Intel\WiFi\bin\;C:\Program Files\Common Files\Intel\WirelessCommon\;C:\Program Files\Git\cmd;C:\Program Files\VisualSVN Server\bin;C:\Program Files\TortoiseSVN\bin;C:\WINDOWS\system32;C:\WINDOWS;C:\WINDOWS\System32\Wbem;C:\WINDOWS\System32\WindowsPowerShell\v1.0\;C:\WINDOWS\System32\OpenSSH\;C:\Program Files\MySQL\MySQL Server 5.5\bin;D:\Program Files_LL\apache-maven-3.5.4-bin\apache-maven-3.5.4\bin;D:\Program Files_LL\MySQL\MySQL Server 5.5\bin;%MAVEN_HOME%\bin；\bin；\bin;C:\Program Files\SourceGear\Common\DiffMerge\;C:\Program Files\Microsoft VS Code\bin;C:\Ruby25-x64\bin;C:\Users\lihoo\AppData\Local\Programs\Python\Python36-32\Scripts\;C:\Users\lihoo\AppData\Local\Programs\Python\Python36-32\;C:\Users\lihoo\AppData\Local\Microsoft\WindowsApps;C:\Users\lihoo\AppData\Local\GitHubDesktop\bin;C:\Program Files\Microsoft VS Code\bin;C:\Users\lihoo\AppData\Local\Microsoft\WindowsApps;C:\Program Files\nodejs;."/>
    <property name="java.vm.info" value="mixed mode"/>
    <property name="java.vendor" value="Oracle Corporation"/>
    <property name="java.vm.version" value="25.171-b11"/>
    <property name="java.ext.dirs" value="D:\Program Files_LL\Java\jdk1.8.0_171\jre\lib\ext;C:\WINDOWS\Sun\Java\lib\ext"/>
    <property name="sun.io.unicode.encoding" value="UnicodeLittle"/>
    <property name="java.class.version" value="52.0"/>
  </properties>
  <testcase name="testGetAllAuthors" classname="org.alien.mybatis.samples.service.impl.AuthorServiceImplTest" time="1.12"/>
  <testcase name="testUpdateAuthor" classname="org.alien.mybatis.samples.service.impl.AuthorServiceImplTest" time="0.057"/>
  <testcase name="testDeleteAuthor" classname="org.alien.mybatis.samples.service.impl.AuthorServiceImplTest" time="0.042"/>
  <testcase name="testGetAuthorById" classname="org.alien.mybatis.samples.service.impl.AuthorServiceImplTest" time="0.099"/>
  <testcase name="testAddAuthor" classname="org.alien.mybatis.samples.service.impl.AuthorServiceImplTest" time="0.072"/>
  <testcase name="getAllAuthorsCount" classname="org.alien.mybatis.samples.service.impl.AuthorServiceImplTest" time="0.113"/>
</testsuite>