<?xml version="1.0" encoding="UTF-8"?>
<testsuite xmlns:xsi="http://www.w3.org/2001/XMLSchema-instance" xsi:noNamespaceSchemaLocation="https://maven.apache.org/surefire/maven-surefire-plugin/xsd/surefire-test-report.xsd" name="cn.wp.dao.ContactTest" time="1.102" tests="3" errors="0" skipped="0" failures="0">
  <properties>
    <property name="sun.desktop" value="windows"/>
    <property name="awt.toolkit" value="sun.awt.windows.WToolkit"/>
    <property name="file.encoding.pkg" value="sun.io"/>
    <property name="java.specification.version" value="1.8"/>
    <property name="sun.cpu.isalist" value="amd64"/>
    <property name="sun.jnu.encoding" value="GBK"/>
    <property name="java.class.path" value="E:\mybatis\target\test-classes;E:\mybatis\target\classes;F:\m2\repository\mysql\mysql-connector-java\8.0.12\mysql-connector-java-8.0.12.jar;F:\m2\repository\com\google\protobuf\protobuf-java\2.6.0\protobuf-java-2.6.0.jar;F:\m2\repository\org\mybatis\mybatis\3.4.2\mybatis-3.4.2.jar;F:\m2\repository\asm\asm\3.3.1\asm-3.3.1.jar;F:\m2\repository\cglib\cglib\3.2.0\cglib-3.2.0.jar;F:\m2\repository\org\ow2\asm\asm\5.0.3\asm-5.0.3.jar;F:\m2\repository\org\apache\ant\ant\1.9.4\ant-1.9.4.jar;F:\m2\repository\org\apache\ant\ant-launcher\1.9.4\ant-launcher-1.9.4.jar;F:\m2\repository\commons-logging\commons-logging\1.1.3\commons-logging-1.1.3.jar;F:\m2\repository\log4j\log4j\1.2.17\log4j-1.2.17.jar;F:\m2\repository\javassist\javassist\3.6.0.GA\javassist-3.6.0.GA.jar;F:\m2\repository\junit\junit\4.11\junit-4.11.jar;F:\m2\repository\org\hamcrest\hamcrest-core\1.3\hamcrest-core-1.3.jar;F:\m2\repository\org\springframework\spring-context\4.3.7.RELEASE\spring-context-4.3.7.RELEASE.jar;F:\m2\repository\org\springframework\spring-aop\4.3.7.RELEASE\spring-aop-4.3.7.RELEASE.jar;F:\m2\repository\org\springframework\spring-beans\4.3.7.RELEASE\spring-beans-4.3.7.RELEASE.jar;F:\m2\repository\org\springframework\spring-core\4.3.7.RELEASE\spring-core-4.3.7.RELEASE.jar;F:\m2\repository\org\springframework\spring-expression\4.3.7.RELEASE\spring-expression-4.3.7.RELEASE.jar;"/>
    <property name="java.vm.vendor" value="Oracle Corporation"/>
    <property name="sun.arch.data.model" value="64"/>
    <property name="user.variant" value=""/>
    <property name="java.vendor.url" value="http://java.oracle.com/"/>
    <property name="user.timezone" value="Asia/Shanghai"/>
    <property name="java.vm.specification.version" value="1.8"/>
    <property name="os.name" value="Windows 10"/>
    <property name="user.country" value="CN"/>
    <property name="sun.java.launcher" value="SUN_STANDARD"/>
    <property name="sun.boot.library.path" value="D:\Java\jdk1.8.0_201\jre\bin"/>
    <property name="sun.java.command" value="C:\Users\老王\AppData\Local\Temp\surefire5351715782213721310\surefirebooter7305554070134666406.jar C:\Users\老王\AppData\Local\Temp\surefire5351715782213721310 2019-04-11T00-11-41_016-jvmRun1 surefire3725073045866771457tmp surefire_01056141369209662577tmp"/>
    <property name="surefire.test.class.path" value="E:\mybatis\target\test-classes;E:\mybatis\target\classes;F:\m2\repository\mysql\mysql-connector-java\8.0.12\mysql-connector-java-8.0.12.jar;F:\m2\repository\com\google\protobuf\protobuf-java\2.6.0\protobuf-java-2.6.0.jar;F:\m2\repository\org\mybatis\mybatis\3.4.2\mybatis-3.4.2.jar;F:\m2\repository\asm\asm\3.3.1\asm-3.3.1.jar;F:\m2\repository\cglib\cglib\3.2.0\cglib-3.2.0.jar;F:\m2\repository\org\ow2\asm\asm\5.0.3\asm-5.0.3.jar;F:\m2\repository\org\apache\ant\ant\1.9.4\ant-1.9.4.jar;F:\m2\repository\org\apache\ant\ant-launcher\1.9.4\ant-launcher-1.9.4.jar;F:\m2\repository\commons-logging\commons-logging\1.1.3\commons-logging-1.1.3.jar;F:\m2\repository\log4j\log4j\1.2.17\log4j-1.2.17.jar;F:\m2\repository\javassist\javassist\3.6.0.GA\javassist-3.6.0.GA.jar;F:\m2\repository\junit\junit\4.11\junit-4.11.jar;F:\m2\repository\org\hamcrest\hamcrest-core\1.3\hamcrest-core-1.3.jar;F:\m2\repository\org\springframework\spring-context\4.3.7.RELEASE\spring-context-4.3.7.RELEASE.jar;F:\m2\repository\org\springframework\spring-aop\4.3.7.RELEASE\spring-aop-4.3.7.RELEASE.jar;F:\m2\repository\org\springframework\spring-beans\4.3.7.RELEASE\spring-beans-4.3.7.RELEASE.jar;F:\m2\repository\org\springframework\spring-core\4.3.7.RELEASE\spring-core-4.3.7.RELEASE.jar;F:\m2\repository\org\springframework\spring-expression\4.3.7.RELEASE\spring-expression-4.3.7.RELEASE.jar;"/>
    <property name="sun.cpu.endian" value="little"/>
    <property name="user.home" value="C:\Users\老王"/>
    <property name="user.language" value="zh"/>
    <property name="java.specification.vendor" value="Oracle Corporation"/>
    <property name="java.home" value="D:\Java\jdk1.8.0_201\jre"/>
    <property name="basedir" value="E:\mybatis"/>
    <property name="file.separator" value="\"/>
    <property name="line.separator" value="&#10;"/>
    <property name="java.vm.specification.vendor" value="Oracle Corporation"/>
    <property name="java.specification.name" value="Java Platform API Specification"/>
    <property name="java.awt.graphicsenv" value="sun.awt.Win32GraphicsEnvironment"/>
    <property name="surefire.real.class.path" value="C:\Users\老王\AppData\Local\Temp\surefire5351715782213721310\surefirebooter7305554070134666406.jar"/>
    <property name="sun.boot.class.path" value="D:\Java\jdk1.8.0_201\jre\lib\resources.jar;D:\Java\jdk1.8.0_201\jre\lib\rt.jar;D:\Java\jdk1.8.0_201\jre\lib\sunrsasign.jar;D:\Java\jdk1.8.0_201\jre\lib\jsse.jar;D:\Java\jdk1.8.0_201\jre\lib\jce.jar;D:\Java\jdk1.8.0_201\jre\lib\charsets.jar;D:\Java\jdk1.8.0_201\jre\lib\jfr.jar;D:\Java\jdk1.8.0_201\jre\classes"/>
    <property name="user.script" value=""/>
    <property name="sun.management.compiler" value="HotSpot 64-Bit Tiered Compilers"/>
    <property name="java.runtime.version" value="1.8.0_201-b09"/>
    <property name="user.name" value="老王"/>
    <property name="path.separator" value=";"/>
    <property name="os.version" value="10.0"/>
    <property name="java.endorsed.dirs" value="D:\Java\jdk1.8.0_201\jre\lib\endorsed"/>
    <property name="java.runtime.name" value="Java(TM) SE Runtime Environment"/>
    <property name="file.encoding" value="GBK"/>
    <property name="java.vm.name" value="Java HotSpot(TM) 64-Bit Server VM"/>
    <property name="localRepository" value="F:\m2\repository"/>
    <property name="java.vendor.url.bug" value="http://bugreport.sun.com/bugreport/"/>
    <property name="java.io.tmpdir" value="C:\Users\老王\AppData\Local\Temp\"/>
    <property name="idea.version" value="2018.3.5"/>
    <property name="java.version" value="1.8.0_201"/>
    <property name="user.dir" value="E:\mybatis"/>
    <property name="os.arch" value="amd64"/>
    <property name="java.vm.specification.name" value="Java Virtual Machine Specification"/>
    <property name="java.awt.printerjob" value="sun.awt.windows.WPrinterJob"/>
    <property name="sun.os.patch.level" value=""/>
    <property name="java.library.path" value="D:\Java\jdk1.8.0_201\jre\bin;C:\Windows\Sun\Java\bin;C:\Windows\system32;C:\Windows;D:\Java\jdk1.8.0_201\bin;D:\Java\Maven\bin;C:\Windows\SYSTEM32;C:\Windows;C:\Windows\SYSTEM32\WBEM;C:\Windows\SYSTEM32\WINDOWSPOWERSHELL\V1.0\;C:\Windows\SYSTEM32\OPENSSH\;C:\Program Files\Lenovo\Bluetooth Software\;C:\Program Files\Lenovo\Bluetooth Software\syswow64;F:\MySQL\MySQL Server 5.5\bin\bin;D:\MySQL\bin;D:\bin;D:\MySQL\MySQL Server 5.5\bin;D:\Java\Tomcat\bin;D:\Java\Tomcat\lib;C:\Users\老王\AppData\Local\Microsoft\WindowsApps;;D:\IntelliJ IDEA 2018.3.5\bin;;."/>
    <property name="java.vm.info" value="mixed mode"/>
    <property name="java.vendor" value="Oracle Corporation"/>
    <property name="java.vm.version" value="25.201-b09"/>
    <property name="java.ext.dirs" value="D:\Java\jdk1.8.0_201\jre\lib\ext;C:\Windows\Sun\Java\lib\ext"/>
    <property name="sun.io.unicode.encoding" value="UnicodeLittle"/>
    <property name="java.class.version" value="52.0"/>
  </properties>
  <testcase name="testDeleteContact" classname="cn.wp.dao.ContactTest" time="0.866"/>
  <testcase name="testQueryContactById" classname="cn.wp.dao.ContactTest" time="0.086"/>
  <testcase name="testQueryContactByName" classname="cn.wp.dao.ContactTest" time="0.074"/>
</testsuite>