<?xml version="1.0" encoding="UTF-8"?>
<testsuite xmlns:xsi="http://www.w3.org/2001/XMLSchema-instance" xsi:noNamespaceSchemaLocation="https://maven.apache.org/surefire/maven-surefire-plugin/xsd/surefire-test-report.xsd" name="EnterpriseTest" time="0.002" tests="1" errors="0" skipped="0" failures="0">
  <properties>
    <property name="sun.desktop" value="windows"/>
    <property name="awt.toolkit" value="sun.awt.windows.WToolkit"/>
    <property name="file.encoding.pkg" value="sun.io"/>
    <property name="java.specification.version" value="1.8"/>
    <property name="sun.cpu.isalist" value="amd64"/>
    <property name="sun.jnu.encoding" value="GBK"/>
    <property name="java.class.path" value="D:\java\task04\target\test-classes;D:\java\task04\target\classes;C:\Users\Administrator.USER-20190313BK\.m2\repository\junit\junit\4.12\junit-4.12.jar;C:\Users\Administrator.USER-20190313BK\.m2\repository\org\hamcrest\hamcrest-core\1.3\hamcrest-core-1.3.jar;C:\Users\Administrator.USER-20190313BK\.m2\repository\log4j\log4j\1.2.17\log4j-1.2.17.jar;C:\Users\Administrator.USER-20190313BK\.m2\repository\org\mybatis\mybatis\3.2.8\mybatis-3.2.8.jar;C:\Users\Administrator.USER-20190313BK\.m2\repository\mysql\mysql-connector-java\5.1.37\mysql-connector-java-5.1.37.jar;C:\Users\Administrator.USER-20190313BK\.m2\repository\org\mybatis\generator\mybatis-generator-core\1.3.6\mybatis-generator-core-1.3.6.jar;C:\Users\Administrator.USER-20190313BK\.m2\repository\org\springframework\spring-core\4.3.2.RELEASE\spring-core-4.3.2.RELEASE.jar;C:\Users\Administrator.USER-20190313BK\.m2\repository\org\springframework\spring-context\4.3.2.RELEASE\spring-context-4.3.2.RELEASE.jar;C:\Users\Administrator.USER-20190313BK\.m2\repository\org\springframework\spring-expression\4.3.2.RELEASE\spring-expression-4.3.2.RELEASE.jar;C:\Users\Administrator.USER-20190313BK\.m2\repository\org\springframework\spring-test\4.3.2.RELEASE\spring-test-4.3.2.RELEASE.jar;C:\Users\Administrator.USER-20190313BK\.m2\repository\org\springframework\spring-tx\4.3.2.RELEASE\spring-tx-4.3.2.RELEASE.jar;C:\Users\Administrator.USER-20190313BK\.m2\repository\org\springframework\spring-beans\4.3.2.RELEASE\spring-beans-4.3.2.RELEASE.jar;C:\Users\Administrator.USER-20190313BK\.m2\repository\org\springframework\spring-jdbc\4.3.2.RELEASE\spring-jdbc-4.3.2.RELEASE.jar;C:\Users\Administrator.USER-20190313BK\.m2\repository\org\springframework\spring-web\4.3.19.RELEASE\spring-web-4.3.19.RELEASE.jar;C:\Users\Administrator.USER-20190313BK\.m2\repository\org\springframework\spring-webmvc\4.3.10.RELEASE\spring-webmvc-4.3.10.RELEASE.jar;C:\Users\Administrator.USER-20190313BK\.m2\repository\c3p0\c3p0\0.9.1.2\c3p0-0.9.1.2.jar;C:\Users\Administrator.USER-20190313BK\.m2\repository\javax\servlet\jstl\1.2\jstl-1.2.jar;C:\Users\Administrator.USER-20190313BK\.m2\repository\json-taglib\json-taglib\0.4.1\json-taglib-0.4.1.jar;C:\Users\Administrator.USER-20190313BK\.m2\repository\org\springframework\spring-aop\4.3.2.RELEASE\spring-aop-4.3.2.RELEASE.jar;C:\Users\Administrator.USER-20190313BK\.m2\repository\commons-logging\commons-logging\1.1.1\commons-logging-1.1.1.jar;C:\Users\Administrator.USER-20190313BK\.m2\repository\org\springframework\spring-aspects\4.3.2.RELEASE\spring-aspects-4.3.2.RELEASE.jar;C:\Users\Administrator.USER-20190313BK\.m2\repository\org\aspectj\aspectjweaver\1.8.9\aspectjweaver-1.8.9.jar;C:\Users\Administrator.USER-20190313BK\.m2\repository\org\mybatis\mybatis-spring\1.3.2\mybatis-spring-1.3.2.jar;C:\Users\Administrator.USER-20190313BK\.m2\repository\com\fasterxml\jackson\core\jackson-core\2.9.5\jackson-core-2.9.5.jar;C:\Users\Administrator.USER-20190313BK\.m2\repository\com\fasterxml\jackson\core\jackson-annotations\2.9.5\jackson-annotations-2.9.5.jar;C:\Users\Administrator.USER-20190313BK\.m2\repository\com\fasterxml\jackson\core\jackson-databind\2.9.5\jackson-databind-2.9.5.jar;C:\Users\Administrator.USER-20190313BK\.m2\repository\org\apache\tiles\tiles-extras\3.0.7\tiles-extras-3.0.7.jar;C:\Users\Administrator.USER-20190313BK\.m2\repository\org\apache\tiles\tiles-core\3.0.7\tiles-core-3.0.7.jar;C:\Users\Administrator.USER-20190313BK\.m2\repository\org\apache\tiles\tiles-api\3.0.7\tiles-api-3.0.7.jar;C:\Users\Administrator.USER-20190313BK\.m2\repository\commons-digester\commons-digester\2.0\commons-digester-2.0.jar;C:\Users\Administrator.USER-20190313BK\.m2\repository\commons-beanutils\commons-beanutils\1.8.0\commons-beanutils-1.8.0.jar;C:\Users\Administrator.USER-20190313BK\.m2\repository\org\slf4j\jcl-over-slf4j\1.7.6\jcl-over-slf4j-1.7.6.jar;C:\Users\Administrator.USER-20190313BK\.m2\repository\org\apache\tiles\tiles-request-servlet-wildcard\1.0.6\tiles-request-servlet-wildcard-1.0.6.jar;C:\Users\Administrator.USER-20190313BK\.m2\repository\org\apache\tiles\tiles-request-servlet\1.0.6\tiles-request-servlet-1.0.6.jar;C:\Users\Administrator.USER-20190313BK\.m2\repository\org\apache\tiles\tiles-request-mustache\1.0.6\tiles-request-mustache-1.0.6.jar;C:\Users\Administrator.USER-20190313BK\.m2\repository\org\apache\tiles\tiles-request-api\1.0.6\tiles-request-api-1.0.6.jar;C:\Users\Administrator.USER-20190313BK\.m2\repository\com\github\spullara\mustache\java\compiler\0.8.4\compiler-0.8.4.jar;C:\Users\Administrator.USER-20190313BK\.m2\repository\org\apache\tiles\tiles-jsp\3.0.7\tiles-jsp-3.0.7.jar;C:\Users\Administrator.USER-20190313BK\.m2\repository\org\apache\tiles\tiles-servlet\3.0.7\tiles-servlet-3.0.7.jar;C:\Users\Administrator.USER-20190313BK\.m2\repository\org\apache\tiles\tiles-template\3.0.7\tiles-template-3.0.7.jar;C:\Users\Administrator.USER-20190313BK\.m2\repository\org\apache\tiles\tiles-autotag-core-runtime\1.2\tiles-autotag-core-runtime-1.2.jar;C:\Users\Administrator.USER-20190313BK\.m2\repository\org\apache\tiles\tiles-request-jsp\1.0.6\tiles-request-jsp-1.0.6.jar;C:\Users\Administrator.USER-20190313BK\.m2\repository\org\apache\tiles\tiles-freemarker\3.0.7\tiles-freemarker-3.0.7.jar;C:\Users\Administrator.USER-20190313BK\.m2\repository\org\apache\tiles\tiles-request-freemarker\1.0.6\tiles-request-freemarker-1.0.6.jar;C:\Users\Administrator.USER-20190313BK\.m2\repository\org\freemarker\freemarker\2.3.15\freemarker-2.3.15.jar;C:\Users\Administrator.USER-20190313BK\.m2\repository\org\apache\tiles\tiles-velocity\3.0.7\tiles-velocity-3.0.7.jar;C:\Users\Administrator.USER-20190313BK\.m2\repository\org\apache\velocity\velocity-tools\2.0\velocity-tools-2.0.jar;C:\Users\Administrator.USER-20190313BK\.m2\repository\commons-collections\commons-collections\3.2\commons-collections-3.2.jar;C:\Users\Administrator.USER-20190313BK\.m2\repository\oro\oro\2.0.8\oro-2.0.8.jar;C:\Users\Administrator.USER-20190313BK\.m2\repository\org\apache\velocity\velocity\1.6.2\velocity-1.6.2.jar;C:\Users\Administrator.USER-20190313BK\.m2\repository\commons-lang\commons-lang\2.4\commons-lang-2.4.jar;C:\Users\Administrator.USER-20190313BK\.m2\repository\org\apache\tiles\tiles-request-velocity\1.0.6\tiles-request-velocity-1.0.6.jar;C:\Users\Administrator.USER-20190313BK\.m2\repository\org\apache\tiles\tiles-el\3.0.7\tiles-el-3.0.7.jar;C:\Users\Administrator.USER-20190313BK\.m2\repository\org\apache\tiles\tiles-mvel\3.0.7\tiles-mvel-3.0.7.jar;C:\Users\Administrator.USER-20190313BK\.m2\repository\org\mvel\mvel2\2.0.11\mvel2-2.0.11.jar;C:\Users\Administrator.USER-20190313BK\.m2\repository\org\apache\tiles\tiles-ognl\3.0.7\tiles-ognl-3.0.7.jar;C:\Users\Administrator.USER-20190313BK\.m2\repository\ognl\ognl\2.7.3\ognl-2.7.3.jar;C:\Users\Administrator.USER-20190313BK\.m2\repository\jboss\javassist\3.7.ga\javassist-3.7.ga.jar;C:\Users\Administrator.USER-20190313BK\.m2\repository\org\apache\tiles\tiles-compat\3.0.7\tiles-compat-3.0.7.jar;C:\Users\Administrator.USER-20190313BK\.m2\repository\com\google\guava\guava\12.0.1\guava-12.0.1.jar;C:\Users\Administrator.USER-20190313BK\.m2\repository\com\google\code\findbugs\jsr305\1.3.9\jsr305-1.3.9.jar;C:\Users\Administrator.USER-20190313BK\.m2\repository\org\slf4j\slf4j-api\1.7.6\slf4j-api-1.7.6.jar;C:\Users\Administrator.USER-20190313BK\.m2\repository\javax\servlet\jsp\jsp-api\2.1.3-b06\jsp-api-2.1.3-b06.jar;C:\Users\Administrator.USER-20190313BK\.m2\repository\org\glassfish\javax.servlet\3.0-b70\javax.servlet-3.0-b70.jar;C:\Users\Administrator.USER-20190313BK\.m2\repository\javax\el\el-api\2.1.2-b05\el-api-2.1.2-b05.jar;"/>
    <property name="java.vm.vendor" value="Oracle Corporation"/>
    <property name="sun.arch.data.model" value="64"/>
    <property name="user.variant" value=""/>
    <property name="java.vendor.url" value="http://java.oracle.com/"/>
    <property name="user.timezone" value="Asia/Shanghai"/>
    <property name="java.vm.specification.version" value="1.8"/>
    <property name="os.name" value="Windows 7"/>
    <property name="user.country" value="CN"/>
    <property name="sun.java.launcher" value="SUN_STANDARD"/>
    <property name="sun.boot.library.path" value="C:\Program Files\Java\jdk1.8.0_201\jre\bin"/>
    <property name="sun.java.command" value="C:\Users\ADMINI~1.USE\AppData\Local\Temp\surefire6339689009824340596\surefirebooter8316650671038404127.jar C:\Users\Administrator.USER-20190313BK\AppData\Local\Temp\surefire6339689009824340596 2019-06-17T09-33-25_003-jvmRun1 surefire1724639831875172340tmp surefire_0649344059264070071tmp"/>
    <property name="surefire.test.class.path" value="D:\java\task04\target\test-classes;D:\java\task04\target\classes;C:\Users\Administrator.USER-20190313BK\.m2\repository\junit\junit\4.12\junit-4.12.jar;C:\Users\Administrator.USER-20190313BK\.m2\repository\org\hamcrest\hamcrest-core\1.3\hamcrest-core-1.3.jar;C:\Users\Administrator.USER-20190313BK\.m2\repository\log4j\log4j\1.2.17\log4j-1.2.17.jar;C:\Users\Administrator.USER-20190313BK\.m2\repository\org\mybatis\mybatis\3.2.8\mybatis-3.2.8.jar;C:\Users\Administrator.USER-20190313BK\.m2\repository\mysql\mysql-connector-java\5.1.37\mysql-connector-java-5.1.37.jar;C:\Users\Administrator.USER-20190313BK\.m2\repository\org\mybatis\generator\mybatis-generator-core\1.3.6\mybatis-generator-core-1.3.6.jar;C:\Users\Administrator.USER-20190313BK\.m2\repository\org\springframework\spring-core\4.3.2.RELEASE\spring-core-4.3.2.RELEASE.jar;C:\Users\Administrator.USER-20190313BK\.m2\repository\org\springframework\spring-context\4.3.2.RELEASE\spring-context-4.3.2.RELEASE.jar;C:\Users\Administrator.USER-20190313BK\.m2\repository\org\springframework\spring-expression\4.3.2.RELEASE\spring-expression-4.3.2.RELEASE.jar;C:\Users\Administrator.USER-20190313BK\.m2\repository\org\springframework\spring-test\4.3.2.RELEASE\spring-test-4.3.2.RELEASE.jar;C:\Users\Administrator.USER-20190313BK\.m2\repository\org\springframework\spring-tx\4.3.2.RELEASE\spring-tx-4.3.2.RELEASE.jar;C:\Users\Administrator.USER-20190313BK\.m2\repository\org\springframework\spring-beans\4.3.2.RELEASE\spring-beans-4.3.2.RELEASE.jar;C:\Users\Administrator.USER-20190313BK\.m2\repository\org\springframework\spring-jdbc\4.3.2.RELEASE\spring-jdbc-4.3.2.RELEASE.jar;C:\Users\Administrator.USER-20190313BK\.m2\repository\org\springframework\spring-web\4.3.19.RELEASE\spring-web-4.3.19.RELEASE.jar;C:\Users\Administrator.USER-20190313BK\.m2\repository\org\springframework\spring-webmvc\4.3.10.RELEASE\spring-webmvc-4.3.10.RELEASE.jar;C:\Users\Administrator.USER-20190313BK\.m2\repository\c3p0\c3p0\0.9.1.2\c3p0-0.9.1.2.jar;C:\Users\Administrator.USER-20190313BK\.m2\repository\javax\servlet\jstl\1.2\jstl-1.2.jar;C:\Users\Administrator.USER-20190313BK\.m2\repository\json-taglib\json-taglib\0.4.1\json-taglib-0.4.1.jar;C:\Users\Administrator.USER-20190313BK\.m2\repository\org\springframework\spring-aop\4.3.2.RELEASE\spring-aop-4.3.2.RELEASE.jar;C:\Users\Administrator.USER-20190313BK\.m2\repository\commons-logging\commons-logging\1.1.1\commons-logging-1.1.1.jar;C:\Users\Administrator.USER-20190313BK\.m2\repository\org\springframework\spring-aspects\4.3.2.RELEASE\spring-aspects-4.3.2.RELEASE.jar;C:\Users\Administrator.USER-20190313BK\.m2\repository\org\aspectj\aspectjweaver\1.8.9\aspectjweaver-1.8.9.jar;C:\Users\Administrator.USER-20190313BK\.m2\repository\org\mybatis\mybatis-spring\1.3.2\mybatis-spring-1.3.2.jar;C:\Users\Administrator.USER-20190313BK\.m2\repository\com\fasterxml\jackson\core\jackson-core\2.9.5\jackson-core-2.9.5.jar;C:\Users\Administrator.USER-20190313BK\.m2\repository\com\fasterxml\jackson\core\jackson-annotations\2.9.5\jackson-annotations-2.9.5.jar;C:\Users\Administrator.USER-20190313BK\.m2\repository\com\fasterxml\jackson\core\jackson-databind\2.9.5\jackson-databind-2.9.5.jar;C:\Users\Administrator.USER-20190313BK\.m2\repository\org\apache\tiles\tiles-extras\3.0.7\tiles-extras-3.0.7.jar;C:\Users\Administrator.USER-20190313BK\.m2\repository\org\apache\tiles\tiles-core\3.0.7\tiles-core-3.0.7.jar;C:\Users\Administrator.USER-20190313BK\.m2\repository\org\apache\tiles\tiles-api\3.0.7\tiles-api-3.0.7.jar;C:\Users\Administrator.USER-20190313BK\.m2\repository\commons-digester\commons-digester\2.0\commons-digester-2.0.jar;C:\Users\Administrator.USER-20190313BK\.m2\repository\commons-beanutils\commons-beanutils\1.8.0\commons-beanutils-1.8.0.jar;C:\Users\Administrator.USER-20190313BK\.m2\repository\org\slf4j\jcl-over-slf4j\1.7.6\jcl-over-slf4j-1.7.6.jar;C:\Users\Administrator.USER-20190313BK\.m2\repository\org\apache\tiles\tiles-request-servlet-wildcard\1.0.6\tiles-request-servlet-wildcard-1.0.6.jar;C:\Users\Administrator.USER-20190313BK\.m2\repository\org\apache\tiles\tiles-request-servlet\1.0.6\tiles-request-servlet-1.0.6.jar;C:\Users\Administrator.USER-20190313BK\.m2\repository\org\apache\tiles\tiles-request-mustache\1.0.6\tiles-request-mustache-1.0.6.jar;C:\Users\Administrator.USER-20190313BK\.m2\repository\org\apache\tiles\tiles-request-api\1.0.6\tiles-request-api-1.0.6.jar;C:\Users\Administrator.USER-20190313BK\.m2\repository\com\github\spullara\mustache\java\compiler\0.8.4\compiler-0.8.4.jar;C:\Users\Administrator.USER-20190313BK\.m2\repository\org\apache\tiles\tiles-jsp\3.0.7\tiles-jsp-3.0.7.jar;C:\Users\Administrator.USER-20190313BK\.m2\repository\org\apache\tiles\tiles-servlet\3.0.7\tiles-servlet-3.0.7.jar;C:\Users\Administrator.USER-20190313BK\.m2\repository\org\apache\tiles\tiles-template\3.0.7\tiles-template-3.0.7.jar;C:\Users\Administrator.USER-20190313BK\.m2\repository\org\apache\tiles\tiles-autotag-core-runtime\1.2\tiles-autotag-core-runtime-1.2.jar;C:\Users\Administrator.USER-20190313BK\.m2\repository\org\apache\tiles\tiles-request-jsp\1.0.6\tiles-request-jsp-1.0.6.jar;C:\Users\Administrator.USER-20190313BK\.m2\repository\org\apache\tiles\tiles-freemarker\3.0.7\tiles-freemarker-3.0.7.jar;C:\Users\Administrator.USER-20190313BK\.m2\repository\org\apache\tiles\tiles-request-freemarker\1.0.6\tiles-request-freemarker-1.0.6.jar;C:\Users\Administrator.USER-20190313BK\.m2\repository\org\freemarker\freemarker\2.3.15\freemarker-2.3.15.jar;C:\Users\Administrator.USER-20190313BK\.m2\repository\org\apache\tiles\tiles-velocity\3.0.7\tiles-velocity-3.0.7.jar;C:\Users\Administrator.USER-20190313BK\.m2\repository\org\apache\velocity\velocity-tools\2.0\velocity-tools-2.0.jar;C:\Users\Administrator.USER-20190313BK\.m2\repository\commons-collections\commons-collections\3.2\commons-collections-3.2.jar;C:\Users\Administrator.USER-20190313BK\.m2\repository\oro\oro\2.0.8\oro-2.0.8.jar;C:\Users\Administrator.USER-20190313BK\.m2\repository\org\apache\velocity\velocity\1.6.2\velocity-1.6.2.jar;C:\Users\Administrator.USER-20190313BK\.m2\repository\commons-lang\commons-lang\2.4\commons-lang-2.4.jar;C:\Users\Administrator.USER-20190313BK\.m2\repository\org\apache\tiles\tiles-request-velocity\1.0.6\tiles-request-velocity-1.0.6.jar;C:\Users\Administrator.USER-20190313BK\.m2\repository\org\apache\tiles\tiles-el\3.0.7\tiles-el-3.0.7.jar;C:\Users\Administrator.USER-20190313BK\.m2\repository\org\apache\tiles\tiles-mvel\3.0.7\tiles-mvel-3.0.7.jar;C:\Users\Administrator.USER-20190313BK\.m2\repository\org\mvel\mvel2\2.0.11\mvel2-2.0.11.jar;C:\Users\Administrator.USER-20190313BK\.m2\repository\org\apache\tiles\tiles-ognl\3.0.7\tiles-ognl-3.0.7.jar;C:\Users\Administrator.USER-20190313BK\.m2\repository\ognl\ognl\2.7.3\ognl-2.7.3.jar;C:\Users\Administrator.USER-20190313BK\.m2\repository\jboss\javassist\3.7.ga\javassist-3.7.ga.jar;C:\Users\Administrator.USER-20190313BK\.m2\repository\org\apache\tiles\tiles-compat\3.0.7\tiles-compat-3.0.7.jar;C:\Users\Administrator.USER-20190313BK\.m2\repository\com\google\guava\guava\12.0.1\guava-12.0.1.jar;C:\Users\Administrator.USER-20190313BK\.m2\repository\com\google\code\findbugs\jsr305\1.3.9\jsr305-1.3.9.jar;C:\Users\Administrator.USER-20190313BK\.m2\repository\org\slf4j\slf4j-api\1.7.6\slf4j-api-1.7.6.jar;C:\Users\Administrator.USER-20190313BK\.m2\repository\javax\servlet\jsp\jsp-api\2.1.3-b06\jsp-api-2.1.3-b06.jar;C:\Users\Administrator.USER-20190313BK\.m2\repository\org\glassfish\javax.servlet\3.0-b70\javax.servlet-3.0-b70.jar;C:\Users\Administrator.USER-20190313BK\.m2\repository\javax\el\el-api\2.1.2-b05\el-api-2.1.2-b05.jar;"/>
    <property name="sun.cpu.endian" value="little"/>
    <property name="user.home" value="C:\Users\Administrator.USER-20190313BK"/>
    <property name="user.language" value="zh"/>
    <property name="java.specification.vendor" value="Oracle Corporation"/>
    <property name="java.home" value="C:\Program Files\Java\jdk1.8.0_201\jre"/>
    <property name="basedir" value="D:\java\task04"/>
    <property name="file.separator" value="\"/>
    <property name="line.separator" value="&#10;"/>
    <property name="java.vm.specification.vendor" value="Oracle Corporation"/>
    <property name="java.specification.name" value="Java Platform API Specification"/>
    <property name="java.awt.graphicsenv" value="sun.awt.Win32GraphicsEnvironment"/>
    <property name="surefire.real.class.path" value="C:\Users\ADMINI~1.USE\AppData\Local\Temp\surefire6339689009824340596\surefirebooter8316650671038404127.jar"/>
    <property name="sun.boot.class.path" value="C:\Program Files\Java\jdk1.8.0_201\jre\lib\resources.jar;C:\Program Files\Java\jdk1.8.0_201\jre\lib\rt.jar;C:\Program Files\Java\jdk1.8.0_201\jre\lib\sunrsasign.jar;C:\Program Files\Java\jdk1.8.0_201\jre\lib\jsse.jar;C:\Program Files\Java\jdk1.8.0_201\jre\lib\jce.jar;C:\Program Files\Java\jdk1.8.0_201\jre\lib\charsets.jar;C:\Program Files\Java\jdk1.8.0_201\jre\lib\jfr.jar;C:\Program Files\Java\jdk1.8.0_201\jre\classes"/>
    <property name="user.script" value=""/>
    <property name="sun.management.compiler" value="HotSpot 64-Bit Tiered Compilers"/>
    <property name="java.runtime.version" value="1.8.0_201-b09"/>
    <property name="user.name" value="Administrator"/>
    <property name="path.separator" value=";"/>
    <property name="os.version" value="6.1"/>
    <property name="java.endorsed.dirs" value="C:\Program Files\Java\jdk1.8.0_201\jre\lib\endorsed"/>
    <property name="java.runtime.name" value="Java(TM) SE Runtime Environment"/>
    <property name="file.encoding" value="GBK"/>
    <property name="java.vm.name" value="Java HotSpot(TM) 64-Bit Server VM"/>
    <property name="localRepository" value="C:\Users\Administrator.USER-20190313BK\.m2\repository"/>
    <property name="java.vendor.url.bug" value="http://bugreport.sun.com/bugreport/"/>
    <property name="java.io.tmpdir" value="C:\Users\ADMINI~1.USE\AppData\Local\Temp\"/>
    <property name="java.version" value="1.8.0_201"/>
    <property name="user.dir" value="D:\java\task04"/>
    <property name="os.arch" value="amd64"/>
    <property name="java.vm.specification.name" value="Java Virtual Machine Specification"/>
    <property name="java.awt.printerjob" value="sun.awt.windows.WPrinterJob"/>
    <property name="sun.os.patch.level" value="Service Pack 1"/>
    <property name="idea.version2019.1.1" value="true"/>
    <property name="java.library.path" value="C:\Program Files\Java\jdk1.8.0_201\jre\bin;C:\Windows\Sun\Java\bin;C:\Windows\system32;C:\Windows;C:\Program Files (x86)\NetSarang\Xshell 6\;C:\Program Files\Java\apache-maven-3.6.1\bin;C:\Program Files\Java\jdk1.8.0_201\bin;C:\Program Files (x86)\Common Files\Oracle\Java\javapath;C:\Windows\system32;C:\Windows;C:\Windows\System32\Wbem;C:\Windows\System32\WindowsPowerShell\v1.0\;C:\Program Files (x86)\NVIDIA Corporation\PhysX\Common;C:\Program Files\NVIDIA Corporation\NVIDIA NvDLISR;C:\Program Files\MySQL\MySQL Server 5.5\bin;C:\Program Files\Java\apache-tomcat-9.0.20\bin;C:\Program Files\TortoiseSVN\bin;."/>
    <property name="java.vm.info" value="mixed mode"/>
    <property name="java.vendor" value="Oracle Corporation"/>
    <property name="java.vm.version" value="25.201-b09"/>
    <property name="java.ext.dirs" value="C:\Program Files\Java\jdk1.8.0_201\jre\lib\ext;C:\Windows\Sun\Java\lib\ext"/>
    <property name="sun.io.unicode.encoding" value="UnicodeLittle"/>
    <property name="java.class.version" value="52.0"/>
  </properties>
  <testcase name="select" classname="EnterpriseTest" time="0.001"/>
</testsuite>